2024-12-24  4:36:31 0 [Note] Starting MariaDB 10.4.32-MariaDB source revision c4143f909528e3fab0677a28631d10389354c491 as process 8540
2024-12-24  4:36:31 0 [Note] InnoDB: Mutexes and rw_locks use Windows interlocked functions
2024-12-24  4:36:31 0 [Note] InnoDB: Uses event mutexes
2024-12-24  4:36:31 0 [Note] InnoDB: Compressed tables use zlib 1.3
2024-12-24  4:36:31 0 [Note] InnoDB: Number of pools: 1
2024-12-24  4:36:31 0 [Note] InnoDB: Using SSE2 crc32 instructions
2024-12-24  4:36:31 0 [Note] InnoDB: Initializing buffer pool, total size = 16M, instances = 1, chunk size = 16M
2024-12-24  4:36:31 0 [Note] InnoDB: Completed initialization of buffer pool
2024-12-24  4:36:31 0 [Note] InnoDB: Setting log file C:\Program Files\xampp\mysql\data\ib_logfile101 size to 5242880 bytes
2024-12-24  4:36:31 0 [Note] InnoDB: Setting log file C:\Program Files\xampp\mysql\data\ib_logfile1 size to 5242880 bytes
2024-12-24  4:36:31 0 [Note] InnoDB: Renaming log file C:\Program Files\xampp\mysql\data\ib_logfile101 to C:\Program Files\xampp\mysql\data\ib_logfile0
2024-12-24  4:36:31 0 [Note] InnoDB: New log files created, LSN=1768577
2024-12-24  4:36:31 0 [Note] InnoDB: 128 out of 128 rollback segments are active.
2024-12-24  4:36:31 0 [Note] InnoDB: Removed temporary tablespace data file: "ibtmp1"
2024-12-24  4:36:31 0 [Note] InnoDB: Creating shared tablespace for temporary tables
2024-12-24  4:36:31 0 [Note] InnoDB: Setting file 'C:\Program Files\xampp\mysql\data\ibtmp1' size to 12 MB. Physically writing the file full; Please wait ...
2024-12-24  4:36:31 0 [Note] InnoDB: File 'C:\Program Files\xampp\mysql\data\ibtmp1' size is now 12 MB.
2024-12-24  4:36:31 0 [Note] InnoDB: Waiting for purge to start
2024-12-24  4:36:31 0 [Note] InnoDB: 10.4.32 started; log sequence number 1768972; transaction id 2792
2024-12-24  4:36:31 0 [Note] InnoDB: Loading buffer pool(s) from C:\Program Files\xampp\mysql\data\ib_buffer_pool
2024-12-24  4:36:31 0 [Note] Plugin 'FEEDBACK' is disabled.
2024-12-24  4:36:31 0 [Note] InnoDB: Cannot open 'C:\Program Files\xampp\mysql\data\ib_buffer_pool' for reading: No such file or directory
2024-12-24  4:36:31 0 [Note] Server socket created on IP: '::'.
2024-12-24  4:38:43 0 [Note] Starting MariaDB 10.4.32-MariaDB source revision c4143f909528e3fab0677a28631d10389354c491 as process 5500
2024-12-24  4:38:43 0 [Note] InnoDB: Mutexes and rw_locks use Windows interlocked functions
2024-12-24  4:38:43 0 [Note] InnoDB: Uses event mutexes
2024-12-24  4:38:43 0 [Note] InnoDB: Compressed tables use zlib 1.3
2024-12-24  4:38:43 0 [Note] InnoDB: Number of pools: 1
2024-12-24  4:38:43 0 [Note] InnoDB: Using SSE2 crc32 instructions
2024-12-24  4:38:43 0 [Note] InnoDB: Initializing buffer pool, total size = 16M, instances = 1, chunk size = 16M
2024-12-24  4:38:43 0 [Note] InnoDB: Completed initialization of buffer pool
2024-12-24  4:38:44 0 [Note] InnoDB: The log sequence number 1768577 in the system tablespace does not match the log sequence number 1768972 in the ib_logfiles!
2024-12-24  4:38:44 0 [Note] InnoDB: 128 out of 128 rollback segments are active.
2024-12-24  4:38:44 0 [Note] InnoDB: Removed temporary tablespace data file: "ibtmp1"
2024-12-24  4:38:44 0 [Note] InnoDB: Creating shared tablespace for temporary tables
2024-12-24  4:38:44 0 [Note] InnoDB: Setting file 'C:\Program Files\xampp\mysql\data\ibtmp1' size to 12 MB. Physically writing the file full; Please wait ...
2024-12-24  4:38:44 0 [Note] InnoDB: File 'C:\Program Files\xampp\mysql\data\ibtmp1' size is now 12 MB.
2024-12-24  4:38:44 0 [Note] InnoDB: Waiting for purge to start
2024-12-24  4:38:44 0 [Note] InnoDB: 10.4.32 started; log sequence number 1768972; transaction id 2792
2024-12-24  4:38:44 0 [Note] InnoDB: Loading buffer pool(s) from C:\Program Files\xampp\mysql\data\ib_buffer_pool
2024-12-24  4:38:44 0 [Note] Plugin 'FEEDBACK' is disabled.
2024-12-24  4:38:44 0 [Note] InnoDB: Cannot open 'C:\Program Files\xampp\mysql\data\ib_buffer_pool' for reading: No such file or directory
2024-12-24  4:38:44 0 [Note] Server socket created on IP: '::'.
2024-12-24 19:58:40 0 [Note] Starting MariaDB 10.4.32-MariaDB source revision c4143f909528e3fab0677a28631d10389354c491 as process 11832
2024-12-24 19:58:40 0 [Note] InnoDB: Mutexes and rw_locks use Windows interlocked functions
2024-12-24 19:58:40 0 [Note] InnoDB: Uses event mutexes
2024-12-24 19:58:40 0 [Note] InnoDB: Compressed tables use zlib 1.3
2024-12-24 19:58:40 0 [Note] InnoDB: Number of pools: 1
2024-12-24 19:58:40 0 [Note] InnoDB: Using SSE2 crc32 instructions
2024-12-24 19:58:40 0 [Note] InnoDB: Initializing buffer pool, total size = 16M, instances = 1, chunk size = 16M
2024-12-24 19:58:40 0 [Note] InnoDB: Completed initialization of buffer pool
2024-12-24 19:58:40 0 [Note] InnoDB: Starting crash recovery from checkpoint LSN=1777317
2024-12-24 19:58:41 0 [Note] InnoDB: 128 out of 128 rollback segments are active.
2024-12-24 19:58:41 0 [Note] InnoDB: Removed temporary tablespace data file: "ibtmp1"
2024-12-24 19:58:41 0 [Note] InnoDB: Creating shared tablespace for temporary tables
2024-12-24 19:58:41 0 [Note] InnoDB: Setting file 'C:\Program Files\xampp\mysql\data\ibtmp1' size to 12 MB. Physically writing the file full; Please wait ...
2024-12-24 19:58:41 0 [Note] InnoDB: File 'C:\Program Files\xampp\mysql\data\ibtmp1' size is now 12 MB.
2024-12-24 19:58:41 0 [Note] InnoDB: Waiting for purge to start
2024-12-24 19:58:41 0 [Note] InnoDB: 10.4.32 started; log sequence number 1777326; transaction id 2836
2024-12-24 19:58:41 0 [Note] InnoDB: Loading buffer pool(s) from C:\Program Files\xampp\mysql\data\ib_buffer_pool
2024-12-24 19:58:41 0 [Note] Plugin 'FEEDBACK' is disabled.
2024-12-24 19:58:41 0 [Note] InnoDB: Cannot open 'C:\Program Files\xampp\mysql\data\ib_buffer_pool' for reading: No such file or directory
2024-12-24 19:58:41 0 [Note] Server socket created on IP: '::'.
2024-12-24 21:47:42 0 [Note] Starting MariaDB 10.4.32-MariaDB source revision c4143f909528e3fab0677a28631d10389354c491 as process 23504
2024-12-24 21:47:42 0 [Note] InnoDB: Mutexes and rw_locks use Windows interlocked functions
2024-12-24 21:47:42 0 [Note] InnoDB: Uses event mutexes
2024-12-24 21:47:42 0 [Note] InnoDB: Compressed tables use zlib 1.3
2024-12-24 21:47:42 0 [Note] InnoDB: Number of pools: 1
2024-12-24 21:47:42 0 [Note] InnoDB: Using SSE2 crc32 instructions
2024-12-24 21:47:42 0 [Note] InnoDB: Initializing buffer pool, total size = 16M, instances = 1, chunk size = 16M
2024-12-24 21:47:42 0 [Note] InnoDB: Completed initialization of buffer pool
2024-12-24 21:47:42 0 [Note] InnoDB: Starting crash recovery from checkpoint LSN=1834696
2024-12-24 21:47:42 0 [Note] InnoDB: 128 out of 128 rollback segments are active.
2024-12-24 21:47:42 0 [Note] InnoDB: Removed temporary tablespace data file: "ibtmp1"
2024-12-24 21:47:42 0 [Note] InnoDB: Creating shared tablespace for temporary tables
2024-12-24 21:47:42 0 [Note] InnoDB: Setting file 'C:\Program Files\xampp\mysql\data\ibtmp1' size to 12 MB. Physically writing the file full; Please wait ...
2024-12-24 21:47:42 0 [Note] InnoDB: File 'C:\Program Files\xampp\mysql\data\ibtmp1' size is now 12 MB.
2024-12-24 21:47:42 0 [Note] InnoDB: Waiting for purge to start
2024-12-24 21:47:42 0 [Note] InnoDB: 10.4.32 started; log sequence number 1834705; transaction id 2937
2024-12-24 21:47:42 0 [Note] InnoDB: Loading buffer pool(s) from C:\Program Files\xampp\mysql\data\ib_buffer_pool
2024-12-24 21:47:42 0 [Note] Plugin 'FEEDBACK' is disabled.
2024-12-24 21:47:42 0 [Note] InnoDB: Cannot open 'C:\Program Files\xampp\mysql\data\ib_buffer_pool' for reading: No such file or directory
2024-12-24 21:47:42 0 [Note] Server socket created on IP: '::'.
2024-12-25 13:30:52 0 [Note] Starting MariaDB 10.4.32-MariaDB source revision c4143f909528e3fab0677a28631d10389354c491 as process 17132
2024-12-25 13:30:52 0 [Note] InnoDB: Mutexes and rw_locks use Windows interlocked functions
2024-12-25 13:30:52 0 [Note] InnoDB: Uses event mutexes
2024-12-25 13:30:52 0 [Note] InnoDB: Compressed tables use zlib 1.3
2024-12-25 13:30:52 0 [Note] InnoDB: Number of pools: 1
2024-12-25 13:30:52 0 [Note] InnoDB: Using SSE2 crc32 instructions
2024-12-25 13:30:52 0 [Note] InnoDB: Initializing buffer pool, total size = 16M, instances = 1, chunk size = 16M
2024-12-25 13:30:52 0 [Note] InnoDB: Completed initialization of buffer pool
2024-12-25 13:30:52 0 [Note] InnoDB: Starting crash recovery from checkpoint LSN=1839521
2024-12-25 13:30:53 0 [Note] InnoDB: 128 out of 128 rollback segments are active.
2024-12-25 13:30:53 0 [Note] InnoDB: Removed temporary tablespace data file: "ibtmp1"
2024-12-25 13:30:53 0 [Note] InnoDB: Creating shared tablespace for temporary tables
2024-12-25 13:30:53 0 [Note] InnoDB: Setting file 'C:\Program Files\xampp\mysql\data\ibtmp1' size to 12 MB. Physically writing the file full; Please wait ...
2024-12-25 13:30:53 0 [Note] InnoDB: File 'C:\Program Files\xampp\mysql\data\ibtmp1' size is now 12 MB.
2024-12-25 13:30:53 0 [Note] InnoDB: Waiting for purge to start
2024-12-25 13:30:53 0 [Note] InnoDB: 10.4.32 started; log sequence number 1839530; transaction id 2965
2024-12-25 13:30:53 0 [Note] InnoDB: Loading buffer pool(s) from C:\Program Files\xampp\mysql\data\ib_buffer_pool
2024-12-25 13:30:53 0 [Note] Plugin 'FEEDBACK' is disabled.
2024-12-25 13:30:53 0 [Note] InnoDB: Cannot open 'C:\Program Files\xampp\mysql\data\ib_buffer_pool' for reading: No such file or directory
2024-12-25 13:30:53 0 [Note] Server socket created on IP: '::'.
2024-12-25 13:39:56 0 [Note] Starting MariaDB 10.4.32-MariaDB source revision c4143f909528e3fab0677a28631d10389354c491 as process 11756
2024-12-25 13:39:56 0 [Note] InnoDB: Mutexes and rw_locks use Windows interlocked functions
2024-12-25 13:39:56 0 [Note] InnoDB: Uses event mutexes
2024-12-25 13:39:56 0 [Note] InnoDB: Compressed tables use zlib 1.3
2024-12-25 13:39:56 0 [Note] InnoDB: Number of pools: 1
2024-12-25 13:39:56 0 [Note] InnoDB: Using SSE2 crc32 instructions
2024-12-25 13:39:56 0 [Note] InnoDB: Initializing buffer pool, total size = 16M, instances = 1, chunk size = 16M
2024-12-25 13:39:56 0 [Note] InnoDB: Completed initialization of buffer pool
2024-12-25 13:39:56 0 [Note] InnoDB: Starting crash recovery from checkpoint LSN=1840449
2024-12-25 13:39:56 0 [Note] InnoDB: 128 out of 128 rollback segments are active.
2024-12-25 13:39:56 0 [Note] InnoDB: Removed temporary tablespace data file: "ibtmp1"
2024-12-25 13:39:56 0 [Note] InnoDB: Creating shared tablespace for temporary tables
2024-12-25 13:39:56 0 [Note] InnoDB: Setting file 'C:\Program Files\xampp\mysql\data\ibtmp1' size to 12 MB. Physically writing the file full; Please wait ...
2024-12-25 13:39:56 0 [Note] InnoDB: File 'C:\Program Files\xampp\mysql\data\ibtmp1' size is now 12 MB.
2024-12-25 13:39:56 0 [Note] InnoDB: Waiting for purge to start
2024-12-25 13:39:56 0 [Note] InnoDB: 10.4.32 started; log sequence number 1840458; transaction id 3006
2024-12-25 13:39:56 0 [Note] InnoDB: Loading buffer pool(s) from C:\Program Files\xampp\mysql\data\ib_buffer_pool
2024-12-25 13:39:56 0 [Note] Plugin 'FEEDBACK' is disabled.
2024-12-25 13:39:56 0 [Note] InnoDB: Cannot open 'C:\Program Files\xampp\mysql\data\ib_buffer_pool' for reading: No such file or directory
2024-12-25 13:39:56 0 [Note] Server socket created on IP: '::'.
2024-12-26 19:58:50 0 [Note] Starting MariaDB 10.4.32-MariaDB source revision c4143f909528e3fab0677a28631d10389354c491 as process 20744
2024-12-26 19:58:50 0 [Note] InnoDB: Mutexes and rw_locks use Windows interlocked functions
2024-12-26 19:58:50 0 [Note] InnoDB: Uses event mutexes
2024-12-26 19:58:50 0 [Note] InnoDB: Compressed tables use zlib 1.3
2024-12-26 19:58:50 0 [Note] InnoDB: Number of pools: 1
2024-12-26 19:58:50 0 [Note] InnoDB: Using SSE2 crc32 instructions
2024-12-26 19:58:50 0 [Note] InnoDB: Initializing buffer pool, total size = 16M, instances = 1, chunk size = 16M
2024-12-26 19:58:50 0 [Note] InnoDB: Completed initialization of buffer pool
2024-12-26 19:58:51 0 [Note] InnoDB: Starting crash recovery from checkpoint LSN=1858759
2024-12-26 19:58:51 0 [Note] InnoDB: 128 out of 128 rollback segments are active.
2024-12-26 19:58:51 0 [Note] InnoDB: Removed temporary tablespace data file: "ibtmp1"
2024-12-26 19:58:51 0 [Note] InnoDB: Creating shared tablespace for temporary tables
2024-12-26 19:58:51 0 [Note] InnoDB: Setting file 'C:\Program Files\xampp\mysql\data\ibtmp1' size to 12 MB. Physically writing the file full; Please wait ...
2024-12-26 19:58:51 0 [Note] InnoDB: File 'C:\Program Files\xampp\mysql\data\ibtmp1' size is now 12 MB.
2024-12-26 19:58:51 0 [Note] InnoDB: Waiting for purge to start
2024-12-26 19:58:51 0 [Note] InnoDB: 10.4.32 started; log sequence number 1858768; transaction id 3111
2024-12-26 19:58:51 0 [Note] InnoDB: Loading buffer pool(s) from C:\Program Files\xampp\mysql\data\ib_buffer_pool
2024-12-26 19:58:51 0 [Note] Plugin 'FEEDBACK' is disabled.
2024-12-26 19:58:51 0 [Note] InnoDB: Cannot open 'C:\Program Files\xampp\mysql\data\ib_buffer_pool' for reading: No such file or directory
2024-12-26 19:58:51 0 [Note] Server socket created on IP: '::'.
2024-12-27 14:30:26 0 [Note] Starting MariaDB 10.4.32-MariaDB source revision c4143f909528e3fab0677a28631d10389354c491 as process 26684
2024-12-27 14:30:26 0 [Note] InnoDB: Mutexes and rw_locks use Windows interlocked functions
2024-12-27 14:30:26 0 [Note] InnoDB: Uses event mutexes
2024-12-27 14:30:26 0 [Note] InnoDB: Compressed tables use zlib 1.3
2024-12-27 14:30:26 0 [Note] InnoDB: Number of pools: 1
2024-12-27 14:30:26 0 [Note] InnoDB: Using SSE2 crc32 instructions
2024-12-27 14:30:26 0 [Note] InnoDB: Initializing buffer pool, total size = 16M, instances = 1, chunk size = 16M
2024-12-27 14:30:26 0 [Note] InnoDB: Completed initialization of buffer pool
2024-12-27 14:30:26 0 [Note] InnoDB: Starting crash recovery from checkpoint LSN=2063988
2024-12-27 14:30:26 0 [Note] InnoDB: 128 out of 128 rollback segments are active.
2024-12-27 14:30:26 0 [Note] InnoDB: Removed temporary tablespace data file: "ibtmp1"
2024-12-27 14:30:26 0 [Note] InnoDB: Creating shared tablespace for temporary tables
2024-12-27 14:30:26 0 [Note] InnoDB: Setting file 'C:\Program Files\xampp\mysql\data\ibtmp1' size to 12 MB. Physically writing the file full; Please wait ...
2024-12-27 14:30:26 0 [Note] InnoDB: File 'C:\Program Files\xampp\mysql\data\ibtmp1' size is now 12 MB.
2024-12-27 14:30:26 0 [Note] InnoDB: Waiting for purge to start
2024-12-27 14:30:26 0 [Note] InnoDB: 10.4.32 started; log sequence number 2063997; transaction id 3513
2024-12-27 14:30:26 0 [Note] InnoDB: Loading buffer pool(s) from C:\Program Files\xampp\mysql\data\ib_buffer_pool
2024-12-27 14:30:26 0 [Note] Plugin 'FEEDBACK' is disabled.
2024-12-27 14:30:26 0 [Note] InnoDB: Cannot open 'C:\Program Files\xampp\mysql\data\ib_buffer_pool' for reading: No such file or directory
2024-12-27 14:30:27 0 [Note] Server socket created on IP: '::'.
2024-12-27 22:45:28 0 [Note] Starting MariaDB 10.4.32-MariaDB source revision c4143f909528e3fab0677a28631d10389354c491 as process 11840
2024-12-27 22:45:28 0 [Note] InnoDB: Mutexes and rw_locks use Windows interlocked functions
2024-12-27 22:45:28 0 [Note] InnoDB: Uses event mutexes
2024-12-27 22:45:28 0 [Note] InnoDB: Compressed tables use zlib 1.3
2024-12-27 22:45:28 0 [Note] InnoDB: Number of pools: 1
2024-12-27 22:45:28 0 [Note] InnoDB: Using SSE2 crc32 instructions
2024-12-27 22:45:28 0 [Note] InnoDB: Initializing buffer pool, total size = 16M, instances = 1, chunk size = 16M
2024-12-27 22:45:28 0 [Note] InnoDB: Completed initialization of buffer pool
2024-12-27 22:45:28 0 [Note] InnoDB: Starting crash recovery from checkpoint LSN=2069575
2024-12-27 22:45:29 0 [Note] InnoDB: 128 out of 128 rollback segments are active.
2024-12-27 22:45:29 0 [Note] InnoDB: Removed temporary tablespace data file: "ibtmp1"
2024-12-27 22:45:29 0 [Note] InnoDB: Creating shared tablespace for temporary tables
2024-12-27 22:45:29 0 [Note] InnoDB: Setting file 'C:\Program Files\xampp\mysql\data\ibtmp1' size to 12 MB. Physically writing the file full; Please wait ...
2024-12-27 22:45:29 0 [Note] InnoDB: File 'C:\Program Files\xampp\mysql\data\ibtmp1' size is now 12 MB.
2024-12-27 22:45:29 0 [Note] InnoDB: Waiting for purge to start
2024-12-27 22:45:29 0 [Note] InnoDB: 10.4.32 started; log sequence number 2069584; transaction id 3564
2024-12-27 22:45:29 0 [Note] InnoDB: Loading buffer pool(s) from C:\Program Files\xampp\mysql\data\ib_buffer_pool
2024-12-27 22:45:29 0 [Note] Plugin 'FEEDBACK' is disabled.
2024-12-27 22:45:29 0 [Note] InnoDB: Cannot open 'C:\Program Files\xampp\mysql\data\ib_buffer_pool' for reading: No such file or directory
2024-12-27 22:45:29 0 [Note] Server socket created on IP: '::'.
2024-12-27 22:45:33 0 [Note] Starting MariaDB 10.4.32-MariaDB source revision c4143f909528e3fab0677a28631d10389354c491 as process 18960
2024-12-27 22:45:33 0 [Note] InnoDB: Mutexes and rw_locks use Windows interlocked functions
2024-12-27 22:45:33 0 [Note] InnoDB: Uses event mutexes
2024-12-27 22:45:33 0 [Note] InnoDB: Compressed tables use zlib 1.3
2024-12-27 22:45:33 0 [Note] InnoDB: Number of pools: 1
2024-12-27 22:45:33 0 [Note] InnoDB: Using SSE2 crc32 instructions
2024-12-27 22:45:33 0 [Note] InnoDB: Initializing buffer pool, total size = 16M, instances = 1, chunk size = 16M
2024-12-27 22:45:33 0 [Note] InnoDB: Completed initialization of buffer pool
2024-12-27 22:45:33 0 [Note] InnoDB: Starting crash recovery from checkpoint LSN=2069575
2024-12-27 22:45:33 0 [Note] InnoDB: 128 out of 128 rollback segments are active.
2024-12-27 22:45:33 0 [Note] InnoDB: Removed temporary tablespace data file: "ibtmp1"
2024-12-27 22:45:33 0 [Note] InnoDB: Creating shared tablespace for temporary tables
2024-12-27 22:45:33 0 [Note] InnoDB: Setting file 'C:\Program Files\xampp\mysql\data\ibtmp1' size to 12 MB. Physically writing the file full; Please wait ...
2024-12-27 22:45:33 0 [Note] InnoDB: File 'C:\Program Files\xampp\mysql\data\ibtmp1' size is now 12 MB.
2024-12-27 22:45:33 0 [Note] InnoDB: Waiting for purge to start
2024-12-27 22:45:33 0 [Note] InnoDB: 10.4.32 started; log sequence number 2069602; transaction id 3564
2024-12-27 22:45:33 0 [Note] InnoDB: Loading buffer pool(s) from C:\Program Files\xampp\mysql\data\ib_buffer_pool
2024-12-27 22:45:33 0 [Note] Plugin 'FEEDBACK' is disabled.
2024-12-27 22:45:33 0 [Note] InnoDB: Cannot open 'C:\Program Files\xampp\mysql\data\ib_buffer_pool' for reading: No such file or directory
2024-12-27 22:45:33 0 [Note] Server socket created on IP: '::'.
2024-12-27 22:45:43 0 [Note] Starting MariaDB 10.4.32-MariaDB source revision c4143f909528e3fab0677a28631d10389354c491 as process 25468
2024-12-27 22:45:43 0 [Note] InnoDB: Mutexes and rw_locks use Windows interlocked functions
2024-12-27 22:45:43 0 [Note] InnoDB: Uses event mutexes
2024-12-27 22:45:43 0 [Note] InnoDB: Compressed tables use zlib 1.3
2024-12-27 22:45:43 0 [Note] InnoDB: Number of pools: 1
2024-12-27 22:45:43 0 [Note] InnoDB: Using SSE2 crc32 instructions
2024-12-27 22:45:43 0 [Note] InnoDB: Initializing buffer pool, total size = 16M, instances = 1, chunk size = 16M
2024-12-27 22:45:43 0 [Note] InnoDB: Completed initialization of buffer pool
2024-12-27 22:45:44 0 [Note] InnoDB: Starting crash recovery from checkpoint LSN=2069575
2024-12-27 22:45:44 0 [Note] InnoDB: 128 out of 128 rollback segments are active.
2024-12-27 22:45:44 0 [Note] InnoDB: Removed temporary tablespace data file: "ibtmp1"
2024-12-27 22:45:44 0 [Note] InnoDB: Creating shared tablespace for temporary tables
2024-12-27 22:45:44 0 [Note] InnoDB: Setting file 'C:\Program Files\xampp\mysql\data\ibtmp1' size to 12 MB. Physically writing the file full; Please wait ...
2024-12-27 22:45:44 0 [Note] InnoDB: File 'C:\Program Files\xampp\mysql\data\ibtmp1' size is now 12 MB.
2024-12-27 22:45:44 0 [Note] InnoDB: Waiting for purge to start
2024-12-27 22:45:44 0 [Note] InnoDB: 10.4.32 started; log sequence number 2069602; transaction id 3564
2024-12-27 22:45:44 0 [Note] InnoDB: Loading buffer pool(s) from C:\Program Files\xampp\mysql\data\ib_buffer_pool
2024-12-27 22:45:44 0 [Note] Plugin 'FEEDBACK' is disabled.
2024-12-27 22:45:44 0 [Note] InnoDB: Cannot open 'C:\Program Files\xampp\mysql\data\ib_buffer_pool' for reading: No such file or directory
2024-12-27 22:45:44 0 [Note] Server socket created on IP: '::'.
2024-12-28  1:01:38 0 [Note] Starting MariaDB 10.4.32-MariaDB source revision c4143f909528e3fab0677a28631d10389354c491 as process 23708
2024-12-28  1:01:38 0 [Note] InnoDB: Mutexes and rw_locks use Windows interlocked functions
2024-12-28  1:01:38 0 [Note] InnoDB: Uses event mutexes
2024-12-28  1:01:38 0 [Note] InnoDB: Compressed tables use zlib 1.3
2024-12-28  1:01:38 0 [Note] InnoDB: Number of pools: 1
2024-12-28  1:01:38 0 [Note] InnoDB: Using SSE2 crc32 instructions
2024-12-28  1:01:38 0 [Note] InnoDB: Initializing buffer pool, total size = 16M, instances = 1, chunk size = 16M
2024-12-28  1:01:38 0 [Note] InnoDB: Completed initialization of buffer pool
2024-12-28  1:01:38 0 [Note] InnoDB: Starting crash recovery from checkpoint LSN=2093321
2024-12-28  1:01:38 0 [Note] InnoDB: 128 out of 128 rollback segments are active.
2024-12-28  1:01:38 0 [Note] InnoDB: Removed temporary tablespace data file: "ibtmp1"
2024-12-28  1:01:38 0 [Note] InnoDB: Creating shared tablespace for temporary tables
2024-12-28  1:01:38 0 [Note] InnoDB: Setting file 'C:\Program Files\xampp\mysql\data\ibtmp1' size to 12 MB. Physically writing the file full; Please wait ...
2024-12-28  1:01:38 0 [Note] InnoDB: File 'C:\Program Files\xampp\mysql\data\ibtmp1' size is now 12 MB.
2024-12-28  1:01:38 0 [Note] InnoDB: Waiting for purge to start
2024-12-28  1:01:38 0 [Note] InnoDB: 10.4.32 started; log sequence number 2093330; transaction id 3639
2024-12-28  1:01:38 0 [Note] InnoDB: Loading buffer pool(s) from C:\Program Files\xampp\mysql\data\ib_buffer_pool
2024-12-28  1:01:38 0 [Note] Plugin 'FEEDBACK' is disabled.
2024-12-28  1:01:38 0 [Note] InnoDB: Cannot open 'C:\Program Files\xampp\mysql\data\ib_buffer_pool' for reading: No such file or directory
2024-12-28  1:01:38 0 [Note] Server socket created on IP: '::'.
2024-12-28 12:47:26 0 [Note] Starting MariaDB 10.4.32-MariaDB source revision c4143f909528e3fab0677a28631d10389354c491 as process 6852
2024-12-28 12:47:26 0 [Note] InnoDB: Mutexes and rw_locks use Windows interlocked functions
2024-12-28 12:47:26 0 [Note] InnoDB: Uses event mutexes
2024-12-28 12:47:26 0 [Note] InnoDB: Compressed tables use zlib 1.3
2024-12-28 12:47:26 0 [Note] InnoDB: Number of pools: 1
2024-12-28 12:47:26 0 [Note] InnoDB: Using SSE2 crc32 instructions
2024-12-28 12:47:26 0 [Note] InnoDB: Initializing buffer pool, total size = 16M, instances = 1, chunk size = 16M
2024-12-28 12:47:26 0 [Note] InnoDB: Completed initialization of buffer pool
2024-12-28 12:47:26 0 [Note] InnoDB: Starting crash recovery from checkpoint LSN=2496064
2024-12-28 12:47:26 0 [Note] InnoDB: 128 out of 128 rollback segments are active.
2024-12-28 12:47:26 0 [Note] InnoDB: Removed temporary tablespace data file: "ibtmp1"
2024-12-28 12:47:26 0 [Note] InnoDB: Creating shared tablespace for temporary tables
2024-12-28 12:47:26 0 [Note] InnoDB: Setting file 'C:\Program Files\xampp\mysql\data\ibtmp1' size to 12 MB. Physically writing the file full; Please wait ...
2024-12-28 12:47:26 0 [Note] InnoDB: File 'C:\Program Files\xampp\mysql\data\ibtmp1' size is now 12 MB.
2024-12-28 12:47:26 0 [Note] InnoDB: Waiting for purge to start
2024-12-28 12:47:26 0 [Note] InnoDB: 10.4.32 started; log sequence number 2496073; transaction id 4483
2024-12-28 12:47:26 0 [Note] InnoDB: Loading buffer pool(s) from C:\Program Files\xampp\mysql\data\ib_buffer_pool
2024-12-28 12:47:26 0 [Note] Plugin 'FEEDBACK' is disabled.
2024-12-28 12:47:26 0 [Note] InnoDB: Cannot open 'C:\Program Files\xampp\mysql\data\ib_buffer_pool' for reading: No such file or directory
2024-12-28 12:47:26 0 [Note] Server socket created on IP: '::'.
2024-12-28 12:56:45 0 [Note] Starting MariaDB 10.4.32-MariaDB source revision c4143f909528e3fab0677a28631d10389354c491 as process 22048
2024-12-28 12:56:46 0 [Note] InnoDB: Mutexes and rw_locks use Windows interlocked functions
2024-12-28 12:56:46 0 [Note] InnoDB: Uses event mutexes
2024-12-28 12:56:46 0 [Note] InnoDB: Compressed tables use zlib 1.3
2024-12-28 12:56:46 0 [Note] InnoDB: Number of pools: 1
2024-12-28 12:56:46 0 [Note] InnoDB: Using SSE2 crc32 instructions
2024-12-28 12:56:46 0 [Note] InnoDB: Initializing buffer pool, total size = 16M, instances = 1, chunk size = 16M
2024-12-28 12:56:46 0 [Note] InnoDB: Completed initialization of buffer pool
2024-12-28 12:56:46 0 [Note] InnoDB: 128 out of 128 rollback segments are active.
2024-12-28 12:56:46 0 [Note] InnoDB: Creating shared tablespace for temporary tables
2024-12-28 12:56:46 0 [Note] InnoDB: Setting file 'C:\Program Files\xampp\mysql\data\ibtmp1' size to 12 MB. Physically writing the file full; Please wait ...
2024-12-28 12:56:46 0 [Note] InnoDB: File 'C:\Program Files\xampp\mysql\data\ibtmp1' size is now 12 MB.
2024-12-28 12:56:46 0 [Note] InnoDB: Waiting for purge to start
2024-12-28 12:56:46 0 [Note] InnoDB: 10.4.32 started; log sequence number 2496082; transaction id 4483
2024-12-28 12:56:46 0 [Note] Plugin 'FEEDBACK' is disabled.
2024-12-28 12:56:46 0 [Note] InnoDB: Loading buffer pool(s) from C:\Program Files\xampp\mysql\data\ib_buffer_pool
2024-12-28 12:56:46 0 [Note] InnoDB: Buffer pool(s) load completed at 241228 12:56:46
2024-12-28 12:56:46 0 [Note] Server socket created on IP: '::'.
2024-12-28 12:56:56 0 [Note] Starting MariaDB 10.4.32-MariaDB source revision c4143f909528e3fab0677a28631d10389354c491 as process 2224
2024-12-28 12:56:56 0 [Note] InnoDB: Mutexes and rw_locks use Windows interlocked functions
2024-12-28 12:56:56 0 [Note] InnoDB: Uses event mutexes
2024-12-28 12:56:56 0 [Note] InnoDB: Compressed tables use zlib 1.3
2024-12-28 12:56:56 0 [Note] InnoDB: Number of pools: 1
2024-12-28 12:56:56 0 [Note] InnoDB: Using SSE2 crc32 instructions
2024-12-28 12:56:56 0 [Note] InnoDB: Initializing buffer pool, total size = 16M, instances = 1, chunk size = 16M
2024-12-28 12:56:56 0 [Note] InnoDB: Completed initialization of buffer pool
2024-12-28 12:56:56 0 [Note] InnoDB: 128 out of 128 rollback segments are active.
2024-12-28 12:56:56 0 [Note] InnoDB: Removed temporary tablespace data file: "ibtmp1"
2024-12-28 12:56:56 0 [Note] InnoDB: Creating shared tablespace for temporary tables
2024-12-28 12:56:56 0 [Note] InnoDB: Setting file 'C:\Program Files\xampp\mysql\data\ibtmp1' size to 12 MB. Physically writing the file full; Please wait ...
2024-12-28 12:56:56 0 [Note] InnoDB: File 'C:\Program Files\xampp\mysql\data\ibtmp1' size is now 12 MB.
2024-12-28 12:56:56 0 [Note] InnoDB: Waiting for purge to start
2024-12-28 12:56:56 0 [Note] InnoDB: 10.4.32 started; log sequence number 2496082; transaction id 4483
2024-12-28 12:56:56 0 [Note] InnoDB: Loading buffer pool(s) from C:\Program Files\xampp\mysql\data\ib_buffer_pool
2024-12-28 12:56:56 0 [Note] Plugin 'FEEDBACK' is disabled.
2024-12-28 12:56:56 0 [Note] InnoDB: Buffer pool(s) load completed at 241228 12:56:56
2024-12-28 12:56:56 0 [Note] Server socket created on IP: '::'.
2024-12-28 23:02:54 0 [Note] Starting MariaDB 10.4.32-MariaDB source revision c4143f909528e3fab0677a28631d10389354c491 as process 2260
2024-12-28 23:02:54 0 [Note] InnoDB: Mutexes and rw_locks use Windows interlocked functions
2024-12-28 23:02:54 0 [Note] InnoDB: Uses event mutexes
2024-12-28 23:02:54 0 [Note] InnoDB: Compressed tables use zlib 1.3
2024-12-28 23:02:54 0 [Note] InnoDB: Number of pools: 1
2024-12-28 23:02:54 0 [Note] InnoDB: Using SSE2 crc32 instructions
2024-12-28 23:02:54 0 [Note] InnoDB: Initializing buffer pool, total size = 16M, instances = 1, chunk size = 16M
2024-12-28 23:02:54 0 [Note] InnoDB: Completed initialization of buffer pool
2024-12-28 23:02:54 0 [Note] InnoDB: Starting crash recovery from checkpoint LSN=2503796
2024-12-28 23:02:55 0 [Note] InnoDB: 128 out of 128 rollback segments are active.
2024-12-28 23:02:55 0 [Note] InnoDB: Removed temporary tablespace data file: "ibtmp1"
2024-12-28 23:02:55 0 [Note] InnoDB: Creating shared tablespace for temporary tables
2024-12-28 23:02:55 0 [Note] InnoDB: Setting file 'C:\Program Files\xampp\mysql\data\ibtmp1' size to 12 MB. Physically writing the file full; Please wait ...
2024-12-28 23:02:55 0 [Note] InnoDB: File 'C:\Program Files\xampp\mysql\data\ibtmp1' size is now 12 MB.
2024-12-28 23:02:55 0 [Note] InnoDB: Waiting for purge to start
2024-12-28 23:02:55 0 [Note] InnoDB: 10.4.32 started; log sequence number 2503805; transaction id 4536
2024-12-28 23:02:55 0 [Note] InnoDB: Loading buffer pool(s) from C:\Program Files\xampp\mysql\data\ib_buffer_pool
2024-12-28 23:02:55 0 [Note] Plugin 'FEEDBACK' is disabled.
2024-12-28 23:02:55 0 [Note] InnoDB: Buffer pool(s) load completed at 241228 23:02:55
2024-12-28 23:02:55 0 [Note] Server socket created on IP: '::'.
2025-02-12 10:26:32 0 [Note] Starting MariaDB 10.4.32-MariaDB source revision c4143f909528e3fab0677a28631d10389354c491 as process 25724
2025-02-12 10:26:32 0 [Note] InnoDB: Mutexes and rw_locks use Windows interlocked functions
2025-02-12 10:26:32 0 [Note] InnoDB: Uses event mutexes
2025-02-12 10:26:32 0 [Note] InnoDB: Compressed tables use zlib 1.3
2025-02-12 10:26:32 0 [Note] InnoDB: Number of pools: 1
2025-02-12 10:26:32 0 [Note] InnoDB: Using SSE2 crc32 instructions
2025-02-12 10:26:32 0 [Note] InnoDB: Initializing buffer pool, total size = 16M, instances = 1, chunk size = 16M
2025-02-12 10:26:32 0 [Note] InnoDB: Completed initialization of buffer pool
2025-02-12 10:26:32 0 [Note] InnoDB: Starting crash recovery from checkpoint LSN=2503814
2025-02-12 10:26:32 0 [Note] InnoDB: 128 out of 128 rollback segments are active.
2025-02-12 10:26:32 0 [Note] InnoDB: Removed temporary tablespace data file: "ibtmp1"
2025-02-12 10:26:32 0 [Note] InnoDB: Creating shared tablespace for temporary tables
2025-02-12 10:26:32 0 [Note] InnoDB: Setting file 'C:\Program Files\xampp\mysql\data\ibtmp1' size to 12 MB. Physically writing the file full; Please wait ...
2025-02-12 10:26:32 0 [Note] InnoDB: File 'C:\Program Files\xampp\mysql\data\ibtmp1' size is now 12 MB.
2025-02-12 10:26:32 0 [Note] InnoDB: Waiting for purge to start
2025-02-12 10:26:32 0 [Note] InnoDB: 10.4.32 started; log sequence number 2503823; transaction id 4536
2025-02-12 10:26:32 0 [Note] Plugin 'FEEDBACK' is disabled.
2025-02-12 10:26:32 0 [Note] InnoDB: Loading buffer pool(s) from C:\Program Files\xampp\mysql\data\ib_buffer_pool
2025-02-12 10:26:32 0 [Note] InnoDB: Buffer pool(s) load completed at 250212 10:26:32
2025-02-12 10:26:32 0 [Note] Server socket created on IP: '::'.
2025-02-12 11:14:15 0 [Note] Starting MariaDB 10.4.32-MariaDB source revision c4143f909528e3fab0677a28631d10389354c491 as process 12836
2025-02-12 11:14:15 0 [Note] InnoDB: Mutexes and rw_locks use Windows interlocked functions
2025-02-12 11:14:15 0 [Note] InnoDB: Uses event mutexes
2025-02-12 11:14:15 0 [Note] InnoDB: Compressed tables use zlib 1.3
2025-02-12 11:14:15 0 [Note] InnoDB: Number of pools: 1
2025-02-12 11:14:15 0 [Note] InnoDB: Using SSE2 crc32 instructions
2025-02-12 11:14:15 0 [Note] InnoDB: Initializing buffer pool, total size = 16M, instances = 1, chunk size = 16M
2025-02-12 11:14:15 0 [Note] InnoDB: Completed initialization of buffer pool
2025-02-12 11:14:15 0 [Note] InnoDB: Starting crash recovery from checkpoint LSN=2504133
2025-02-12 11:14:15 0 [Note] InnoDB: 128 out of 128 rollback segments are active.
2025-02-12 11:14:15 0 [Note] InnoDB: Removed temporary tablespace data file: "ibtmp1"
2025-02-12 11:14:15 0 [Note] InnoDB: Creating shared tablespace for temporary tables
2025-02-12 11:14:15 0 [Note] InnoDB: Setting file 'C:\xampp\mysql\data\ibtmp1' size to 12 MB. Physically writing the file full; Please wait ...
2025-02-12 11:14:15 0 [Note] InnoDB: File 'C:\xampp\mysql\data\ibtmp1' size is now 12 MB.
2025-02-12 11:14:15 0 [Note] InnoDB: Waiting for purge to start
2025-02-12 11:14:15 0 [Note] InnoDB: 10.4.32 started; log sequence number 2504142; transaction id 4559
2025-02-12 11:14:15 0 [Note] InnoDB: Loading buffer pool(s) from C:\xampp\mysql\data\ib_buffer_pool
2025-02-12 11:14:15 0 [Note] Plugin 'FEEDBACK' is disabled.
2025-02-12 11:14:15 0 [Note] InnoDB: Buffer pool(s) load completed at 250212 11:14:15
2025-02-12 11:14:15 0 [Note] Server socket created on IP: '::'.
2025-02-12 11:15:58 0 [Note] Starting MariaDB 10.4.32-MariaDB source revision c4143f909528e3fab0677a28631d10389354c491 as process 12264
2025-02-12 11:15:58 0 [Note] InnoDB: Mutexes and rw_locks use Windows interlocked functions
2025-02-12 11:15:58 0 [Note] InnoDB: Uses event mutexes
2025-02-12 11:15:58 0 [Note] InnoDB: Compressed tables use zlib 1.3
2025-02-12 11:15:58 0 [Note] InnoDB: Number of pools: 1
2025-02-12 11:15:58 0 [Note] InnoDB: Using SSE2 crc32 instructions
2025-02-12 11:15:58 0 [Note] InnoDB: Initializing buffer pool, total size = 16M, instances = 1, chunk size = 16M
2025-02-12 11:15:58 0 [Note] InnoDB: Completed initialization of buffer pool
2025-02-12 11:15:58 0 [Note] InnoDB: Starting crash recovery from checkpoint LSN=2504151
2025-02-12 11:15:58 0 [Note] InnoDB: 128 out of 128 rollback segments are active.
2025-02-12 11:15:58 0 [Note] InnoDB: Removed temporary tablespace data file: "ibtmp1"
2025-02-12 11:15:58 0 [Note] InnoDB: Creating shared tablespace for temporary tables
2025-02-12 11:15:58 0 [Note] InnoDB: Setting file 'C:\xampp\mysql\data\ibtmp1' size to 12 MB. Physically writing the file full; Please wait ...
2025-02-12 11:15:58 0 [Note] InnoDB: File 'C:\xampp\mysql\data\ibtmp1' size is now 12 MB.
2025-02-12 11:15:58 0 [Note] InnoDB: Waiting for purge to start
2025-02-12 11:15:58 0 [Note] InnoDB: 10.4.32 started; log sequence number 2504160; transaction id 4559
2025-02-12 11:15:58 0 [Note] Plugin 'FEEDBACK' is disabled.
2025-02-12 11:15:58 0 [Note] InnoDB: Loading buffer pool(s) from C:\xampp\mysql\data\ib_buffer_pool
2025-02-12 11:15:58 0 [Note] InnoDB: Buffer pool(s) load completed at 250212 11:15:58
2025-02-12 11:15:58 0 [Note] Server socket created on IP: '::'.
2025-02-12 11:15:58 0 [Note] Reading of all Master_info entries succeeded
2025-02-12 11:15:58 0 [Note] Added new Master_info '' to hash table
2025-02-12 11:15:58 0 [Note] mysql\bin\mysqld.exe: ready for connections.
Version: '10.4.32-MariaDB'  socket: ''  port: 3306  mariadb.org binary distribution
